2021/05/05 19:39:33 server.go:3139: http: panic serving [::1]:55246: runtime error: invalid memory address or nil pointer dereference
goroutine 37 [running]:
net/http.(*conn).serve.func1(0xc00027f2c0)
	/usr/local/Cellar/go/1.16.2/libexec/src/net/http/server.go:1824 +0x153
panic(0x14c8fe0, 0x187ec70)
	/usr/local/Cellar/go/1.16.2/libexec/src/runtime/panic.go:971 +0x499
gomix/pkg.Index(0x15e6390, 0xc0003ce1c0, 0xc00026e400)
	/Users/keigo/Desktop/gomix/pkg/common.go:22 +0x158
net/http.HandlerFunc.ServeHTTP(0x156bb78, 0x15e6390, 0xc0003ce1c0, 0xc00026e400)
	/usr/local/Cellar/go/1.16.2/libexec/src/net/http/server.go:2069 +0x44
net/http.(*ServeMux).ServeHTTP(0x1891220, 0x15e6390, 0xc0003ce1c0, 0xc00026e400)
	/usr/local/Cellar/go/1.16.2/libexec/src/net/http/server.go:2448 +0x1ad
net/http.serverHandler.ServeHTTP(0xc0003ce0e0, 0x15e6390, 0xc0003ce1c0, 0xc00026e400)
	/usr/local/Cellar/go/1.16.2/libexec/src/net/http/server.go:2887 +0xa3
net/http.(*conn).serve(0xc00027f2c0, 0x15e7560, 0xc000236ac0)
	/usr/local/Cellar/go/1.16.2/libexec/src/net/http/server.go:1952 +0x8cd
created by net/http.(*Server).Serve
	/usr/local/Cellar/go/1.16.2/libexec/src/net/http/server.go:3013 +0x39b
2021/05/05 19:39:34 server.go:3139: http: panic serving [::1]:55249: runtime error: invalid memory address or nil pointer dereference
goroutine 24 [running]:
net/http.(*conn).serve.func1(0xc000178c80)
	/usr/local/Cellar/go/1.16.2/libexec/src/net/http/server.go:1824 +0x153
panic(0x14c8fe0, 0x187ec70)
	/usr/local/Cellar/go/1.16.2/libexec/src/runtime/panic.go:971 +0x499
gomix/pkg.Index(0x15e6390, 0xc0001f80e0, 0xc000198c00)
	/Users/keigo/Desktop/gomix/pkg/common.go:22 +0x158
net/http.HandlerFunc.ServeHTTP(0x156bb78, 0x15e6390, 0xc0001f80e0, 0xc000198c00)
	/usr/local/Cellar/go/1.16.2/libexec/src/net/http/server.go:2069 +0x44
net/http.(*ServeMux).ServeHTTP(0x1891220, 0x15e6390, 0xc0001f80e0, 0xc000198c00)
	/usr/local/Cellar/go/1.16.2/libexec/src/net/http/server.go:2448 +0x1ad
net/http.serverHandler.ServeHTTP(0xc0003ce0e0, 0x15e6390, 0xc0001f80e0, 0xc000198c00)
	/usr/local/Cellar/go/1.16.2/libexec/src/net/http/server.go:2887 +0xa3
net/http.(*conn).serve(0xc000178c80, 0x15e7560, 0xc00019aac0)
	/usr/local/Cellar/go/1.16.2/libexec/src/net/http/server.go:1952 +0x8cd
created by net/http.(*Server).Serve
	/usr/local/Cellar/go/1.16.2/libexec/src/net/http/server.go:3013 +0x39b
